<?xml version="1.0" encoding="UTF-8"?>
<!-- Generated by org.testng.reporters.JUnitXMLReporter -->
<testsuite ignored="0" hostname="ManvithsDell" failures="0" tests="3" name="Default test" time="14.146" errors="0" timestamp="2023-11-28T21:55:44 EST">
  <testcase classname="org.google.automation.abc.testcases.LoginScenario2_DDF" name="loginfunc" time="0.481"/>
  <testcase classname="org.google.automation.abc.testcases.LoginScenario2_DDF" name="loginfunc" time="0.551"/>
  <testcase classname="org.google.automation.abc.testcases.LoginScenario2_DDF" name="loginfunc" time="0.544"/>
</testsuite> <!-- Default test -->
