<?xml version="1.0" encoding="UTF-8"?>
<testng-results ignored="0" total="1" passed="1" failed="0" skipped="0">
  <reporter-output>
  </reporter-output>
  <suite started-at="2023-11-28T16:39:06 EST" name="Default suite" finished-at="2023-11-28T16:39:16 EST" duration-ms="9733">
    <groups>
    </groups>
    <test started-at="2023-11-28T16:39:06 EST" name="Default test" finished-at="2023-11-28T16:39:16 EST" duration-ms="9733">
      <class name="org.google.automation.abc.testcases.SignupScenario">
        <test-method is-config="true" signature="launchBrowser()[pri:0, instance:org.google.automation.abc.testcases.SignupScenario@3febb011]" started-at="2023-11-28T16:39:06 EST" name="launchBrowser" finished-at="2023-11-28T16:39:13 EST" duration-ms="6884" status="PASS">
          <reporter-output>
          </reporter-output>
        </test-method> <!-- launchBrowser -->
        <test-method signature="signupfunc()[pri:0, instance:org.google.automation.abc.testcases.SignupScenario@3febb011]" started-at="2023-11-28T16:39:13 EST" name="signupfunc" finished-at="2023-11-28T16:39:15 EST" duration-ms="2469" status="PASS">
          <reporter-output>
          </reporter-output>
        </test-method> <!-- signupfunc -->
        <test-method is-config="true" signature="closeBrowser()[pri:0, instance:org.google.automation.abc.testcases.SignupScenario@3febb011]" started-at="2023-11-28T16:39:15 EST" name="closeBrowser" finished-at="2023-11-28T16:39:16 EST" duration-ms="302" status="PASS">
          <reporter-output>
          </reporter-output>
        </test-method> <!-- closeBrowser -->
      </class> <!-- org.google.automation.abc.testcases.SignupScenario -->
    </test> <!-- Default test -->
  </suite> <!-- Default suite -->
</testng-results>
